1681181683503	geckodriver	INFO	Listening on 127.0.0.1:44071
1681181684010	mozrunner::runner	INFO	Running command: MOZ_CRASHREPORTER="1" MOZ_CRASHREPORTER_NO_REPORT="1" MOZ_CRASHREPORTER_SHUTDOWN="1" MOZ_NO_REMOTE="1" "/bin ... te" "--remote-debugging-port" "56649" "--remote-allow-hosts" "localhost" "-no-remote" "-profile" "/tmp/rust_mozprofile51FIv4"
[GFX1-]: glxtest: VA-API test failed: failed to initialise VAAPI connection.
1681181684455	Marionette	INFO	Marionette enabled
1681181684457	Marionette	INFO	Listening on port 33095
Read port: 33095
WebDriver BiDi listening on ws://127.0.0.1:56649
1681181684971	RemoteAgent	WARN	TLS certificate errors will be ignored for this session
console.warn: SearchSettings: "get: No settings file exists, new profile?" (new NotFoundError("Could not open the file at /tmp/rust_mozprofile51FIv4/search.json.mozlz4", (void 0)))
DevTools listening on ws://127.0.0.1:56649/devtools/browser/de334d6c-a3cb-4ef9-8fa9-75fc12d78df5
SourceActor threw an exception: [Exception... "Component returned failure code: 0x80470002 (NS_BASE_STREAM_CLOSED) [nsIInputStream.available]"  nsresult: "0x80470002 (NS_BASE_STREAM_CLOSED)"  location: "JS frame :: resource://devtools/shared/DevToolsUtils.js :: onResponse :: line 594"  data: no]
Stack: onResponse@resource://devtools/shared/DevToolsUtils.js:594:34
onStopRequest@resource://gre/modules/NetUtil.jsm:126:18
Line: 594, column: 0
console.error: ({})
JavaScript error: resource://devtools/shared/DevToolsUtils.js, line 594: NS_BASE_STREAM_CLOSED: Component returned failure code: 0x80470002 (NS_BASE_STREAM_CLOSED) [nsIInputStream.available]
console.error: (new TypeError("parent is null", "resource://devtools/client/inspector/shared/style-change-tracker.js", 67))
TypeError: parent is null: canMutationImpactCurrentStyles@resource://devtools/client/inspector/shared/style-change-tracker.js:67:24
onMutations@resource://devtools/client/inspector/shared/style-change-tracker.js:84:41
_emit@resource://devtools/shared/event-emitter.js:242:32
emit@resource://devtools/shared/event-emitter.js:186:18
emit@resource://devtools/shared/event-emitter.js:330:18
getMutations@resource://devtools/client/fronts/walker.js:312:10

console.error: (new TypeError("parent is null", "resource://devtools/client/inspector/shared/style-change-tracker.js", 67))
TypeError: parent is null: canMutationImpactCurrentStyles@resource://devtools/client/inspector/shared/style-change-tracker.js:67:24
onMutations@resource://devtools/client/inspector/shared/style-change-tracker.js:84:41
_emit@resource://devtools/shared/event-emitter.js:242:32
emit@resource://devtools/shared/event-emitter.js:186:18
emit@resource://devtools/shared/event-emitter.js:330:18
getMutations@resource://devtools/client/fronts/walker.js:312:10

[GFX1-]: Unrecognized feature ACCELERATED_CANVAS2D
JavaScript error: resource://gre/modules/AsyncShutdown.jsm, line 576: NotFoundError: No such JSWindowActor 'DevToolsFrame'
JavaScript error: resource://gre/modules/AsyncShutdown.jsm, line 576: NotFoundError: No such JSWindowActor 'DevToolsFrame'
1681183041941	Marionette	INFO	Stopped listening on port 33095
1681183277194	geckodriver	INFO	Listening on 127.0.0.1:32875
1681183277724	mozrunner::runner	INFO	Running command: MOZ_CRASHREPORTER="1" MOZ_CRASHREPORTER_NO_REPORT="1" MOZ_CRASHREPORTER_SHUTDOWN="1" MOZ_NO_REMOTE="1" "/bin ... te" "--remote-debugging-port" "50697" "--remote-allow-hosts" "localhost" "-no-remote" "-profile" "/tmp/rust_mozprofile7g59p7"
[GFX1-]: glxtest: VA-API test failed: failed to initialise VAAPI connection.
1681183278232	Marionette	INFO	Marionette enabled
1681183278234	Marionette	INFO	Listening on port 46247
Read port: 46247
WebDriver BiDi listening on ws://127.0.0.1:50697
1681183278380	RemoteAgent	WARN	TLS certificate errors will be ignored for this session
console.warn: SearchSettings: "get: No settings file exists, new profile?" (new NotFoundError("Could not open the file at /tmp/rust_mozprofile7g59p7/search.json.mozlz4", (void 0)))
DevTools listening on ws://127.0.0.1:50697/devtools/browser/25ea454e-53ce-4443-8011-a097c535e402
[GFX1-]: Unrecognized feature ACCELERATED_CANVAS2D
1681187178827	Marionette	INFO	Stopped listening on port 46247
